<?xml version="1.0" encoding="UTF-8"?>
<testsuite xmlns:xsi="http://www.w3.org/2001/XMLSchema-instance" xsi:noNamespaceSchemaLocation="https://maven.apache.org/surefire/maven-surefire-plugin/xsd/surefire-test-report.xsd" version="3.0.2" name="org.acme.GreetingResourceTest" time="9.23" tests="1" errors="0" skipped="0" failures="0">
  <properties>
[...]
</properties>
  <testcase name="testHelloEndpoint" classname="org.acme.GreetingResourceTest" time="1.297">
    <system-out><![CDATA[2025-01-08 13:01:53,003 INFO  [io.quarkus] (main) simple-dtu-pay 1.0.0-SNAPSHOT on JVM (powered by Quarkus 3.17.5) started in 3.298s. Listening on: http://localhost:8081
2025-01-08 13:01:53,006 INFO  [io.quarkus] (main) Profile test activated. 
2025-01-08 13:01:53,006 INFO  [io.quarkus] (main) Installed features: [cdi, resteasy, resteasy-jaxb, resteasy-jsonb, smallrye-context-propagation, vertx]
]]></system-out>
  </testcase>
</testsuite>